<?xml version="1.0" encoding="UTF-8"?>
<!-- Generated by org.testng.reporters.JUnitXMLReporter -->
<testsuite ignored="0" hostname="Acer" failures="0" tests="4" name="Surefire test" time="21.175" errors="0" timestamp="2024-12-25T00:47:28 IST">
  <testcase classname="com.selenium.automation.tests.ElPaisTest" name="testCheckForStartingImage" time="2.038"/>
  <testcase classname="com.selenium.automation.tests.ElPaisTest" name="testNavigateToOpinionSection" time="8.496"/>
  <testcase classname="com.selenium.automation.tests.ElPaisTest" name="testGetArticles" time="0.66"/>
  <testcase classname="com.selenium.automation.tests.ElPaisTest" name="testAnalyzeTranslatedArticlesHeaders" time="0.001"/>
</testsuite> <!-- Surefire test -->
