<?xml version="1.0" encoding="UTF-8"?>
<!-- Generated by org.testng.reporters.JUnitXMLReporter -->
<testsuite ignored="0" hostname="Acer" failures="0" tests="6" name="Selenium Test-2" time="25.998" errors="0" timestamp="2024-12-25T22:56:00 IST">
  <testcase classname="com.selenium.automation.tests.ElPaisTest" name="testPageTitle" time="0.111"/>
  <testcase classname="com.selenium.automation.tests.ElPaisTest" name="testCheckForStartingImage" time="0.106"/>
  <testcase classname="com.selenium.automation.tests.ElPaisTest" name="testNavigateToOpinionSection" time="8.772"/>
  <testcase classname="com.selenium.automation.tests.ElPaisTest" name="testGetArticles" time="2.774"/>
  <testcase classname="com.selenium.automation.tests.ElPaisTest" name="testGetEnglishTranslatedArticles" time="1.432"/>
  <testcase classname="com.selenium.automation.tests.ElPaisTest" name="testAnalyzeTranslatedArticlesHeaders" time="0.026"/>
</testsuite> <!-- Selenium Test-2 -->
