<?xml version="1.0" encoding="UTF-8"?>
<!-- Generated by org.testng.reporters.JUnitXMLReporter -->
<testsuite ignored="0" hostname="Acer" failures="0" tests="6" name="Selenium Test-0" time="55.275" errors="0" timestamp="2024-12-25T23:11:02 IST">
  <testcase classname="com.selenium.automation.tests.ElPaisTest" name="testPageTitle" time="3.207"/>
  <testcase classname="com.selenium.automation.tests.ElPaisTest" name="testCheckForStartingImage" time="0.102"/>
  <testcase classname="com.selenium.automation.tests.ElPaisTest" name="testNavigateToOpinionSection" time="15.748"/>
  <testcase classname="com.selenium.automation.tests.ElPaisTest" name="testGetArticles" time="4.034"/>
  <testcase classname="com.selenium.automation.tests.ElPaisTest" name="testGetEnglishTranslatedArticles" time="1.296"/>
  <testcase classname="com.selenium.automation.tests.ElPaisTest" name="testAnalyzeTranslatedArticlesHeaders" time="0.016"/>
</testsuite> <!-- Selenium Test-0 -->
