<?xml version="1.0" encoding="UTF-8"?>
<!-- Generated by org.testng.reporters.JUnitXMLReporter -->
<testsuite ignored="0" hostname="Acer" failures="0" tests="6" name="Selenium Test-1" time="45.627" errors="0" timestamp="2024-12-25T23:07:08 IST">
  <testcase classname="com.selenium.automation.tests.ElPaisTest" name="testPageTitle" time="6.588"/>
  <testcase classname="com.selenium.automation.tests.ElPaisTest" name="testCheckForStartingImage" time="0.131"/>
  <testcase classname="com.selenium.automation.tests.ElPaisTest" name="testNavigateToOpinionSection" time="11.189"/>
  <testcase classname="com.selenium.automation.tests.ElPaisTest" name="testGetArticles" time="2.958"/>
  <testcase classname="com.selenium.automation.tests.ElPaisTest" name="testGetEnglishTranslatedArticles" time="1.381"/>
  <testcase classname="com.selenium.automation.tests.ElPaisTest" name="testAnalyzeTranslatedArticlesHeaders" time="0.018"/>
</testsuite> <!-- Selenium Test-1 -->
