<?xml version="1.0" encoding="UTF-8"?>
<testsuite xmlns:xsi="http://www.w3.org/2001/XMLSchema-instance" xsi:schemaLocation="https://maven.apache.org/surefire/maven-surefire-plugin/xsd/surefire-test-report.xsd" name="TestSuite" time="69.051" tests="6" errors="0" skipped="0" failures="0">
  <properties>
[...]
</properties>
  <testcase name="testPageTitle" classname="com.selenium.automation.tests.ElPaisTest" time="3.209"/>
  <testcase name="testCheckForStartingImage" classname="com.selenium.automation.tests.ElPaisTest" time="0.101"/>
  <testcase name="testNavigateToOpinionSection" classname="com.selenium.automation.tests.ElPaisTest" time="15.748"/>
  <testcase name="testGetArticles" classname="com.selenium.automation.tests.ElPaisTest" time="4.034"/>
  <testcase name="testGetEnglishTranslatedArticles" classname="com.selenium.automation.tests.ElPaisTest" time="1.297"/>
  <testcase name="testAnalyzeTranslatedArticlesHeaders" classname="com.selenium.automation.tests.ElPaisTest" time="0.017"/>
</testsuite>